2023-01-24 01:16:35.653  INFO 3404 --- [main] c.c.b.controller.ProjectControllerTest   : Starting ProjectControllerTest using Java 17.0.5 on DESKTOP-ORNCG6R with PID 3404 (started by Lokesh in C:\Users\lokes\git\Bug-Tracking\BugTracking)
2023-01-24 01:16:35.655  INFO 3404 --- [main] c.c.b.controller.ProjectControllerTest   : No active profile set, falling back to 1 default profile: "default"
2023-01-24 01:16:37.471  INFO 3404 --- [main] o.s.b.t.m.w.SpringBootMockServletContext : Initializing Spring TestDispatcherServlet ''
2023-01-24 01:16:37.471  INFO 3404 --- [main] o.s.t.web.servlet.TestDispatcherServlet  : Initializing Servlet ''
2023-01-24 01:16:37.474  INFO 3404 --- [main] o.s.t.web.servlet.TestDispatcherServlet  : Completed initialization in 2 ms
2023-01-24 01:16:37.512  INFO 3404 --- [main] c.c.b.controller.ProjectControllerTest   : Started ProjectControllerTest in 2.383 seconds (JVM running for 4.373)
2023-01-24 01:17:11.502  INFO 19856 --- [main] c.c.b.controller.ProjectControllerTest   : Starting ProjectControllerTest using Java 17.0.5 on DESKTOP-ORNCG6R with PID 19856 (started by Lokesh in C:\Users\lokes\git\Bug-Tracking\BugTracking)
2023-01-24 01:17:11.505  INFO 19856 --- [main] c.c.b.controller.ProjectControllerTest   : No active profile set, falling back to 1 default profile: "default"
2023-01-24 01:17:13.210  INFO 19856 --- [main] o.s.b.t.m.w.SpringBootMockServletContext : Initializing Spring TestDispatcherServlet ''
2023-01-24 01:17:13.210  INFO 19856 --- [main] o.s.t.web.servlet.TestDispatcherServlet  : Initializing Servlet ''
2023-01-24 01:17:13.213  INFO 19856 --- [main] o.s.t.web.servlet.TestDispatcherServlet  : Completed initialization in 2 ms
2023-01-24 01:17:13.253  INFO 19856 --- [main] c.c.b.controller.ProjectControllerTest   : Started ProjectControllerTest in 2.238 seconds (JVM running for 3.999)
"2023-01-24 [restartedMain] INFO  c.c.b.BugTrackingApplication - Starting BugTrackingApplication using Java 17.0.5 on DESKTOP-ORNCG6R with PID 26440 (C:\Users\lokes\git\Bug-Tracking\BugTracking\target\classes started by Lokesh in C:\Users\lokes\git\Bug-Tracking\BugTracking)
""2023-01-24 [restartedMain] INFO  c.c.b.BugTrackingApplication - No active profile set, falling back to 1 default profile: "default"
""2023-01-24 [restartedMain] INFO  o.s.b.d.e.DevToolsPropertyDefaultsPostProcessor - Devtools property defaults active! Set 'spring.devtools.add-properties' to 'false' to disable
""2023-01-24 [restartedMain] INFO  o.s.b.d.e.DevToolsPropertyDefaultsPostProcessor - For additional web related logging consider setting the 'logging.level.web' property to 'DEBUG'
""2023-01-24 [restartedMain] INFO  o.s.d.r.c.RepositoryConfigurationDelegate - Bootstrapping Spring Data JPA repositories in DEFAULT mode.
""2023-01-24 [restartedMain] INFO  o.s.d.r.c.RepositoryConfigurationDelegate - Finished Spring Data repository scanning in 94 ms. Found 5 JPA repository interfaces.
""2023-01-24 [restartedMain] INFO  o.s.b.w.e.tomcat.TomcatWebServer - Tomcat initialized with port(s): 8080 (http)
""2023-01-24 [restartedMain] INFO  o.a.catalina.core.StandardService - Starting service [Tomcat]
""2023-01-24 [restartedMain] INFO  o.a.catalina.core.StandardEngine - Starting Servlet engine: [Apache Tomcat/9.0.71]
""2023-01-24 [restartedMain] INFO  o.a.c.c.C.[.[.[/bugtracking] - Initializing Spring embedded WebApplicationContext
""2023-01-24 [restartedMain] INFO  o.s.b.w.s.c.ServletWebServerApplicationContext - Root WebApplicationContext: initialization completed in 3128 ms
""2023-01-24 [restartedMain] INFO  o.h.jpa.internal.util.LogHelper - HHH000204: Processing PersistenceUnitInfo [name: default]
""2023-01-24 [restartedMain] INFO  org.hibernate.Version - HHH000412: Hibernate ORM core version 5.6.14.Final
""2023-01-24 [restartedMain] INFO  o.h.annotations.common.Version - HCANN000001: Hibernate Commons Annotations {5.1.2.Final}
""2023-01-24 [restartedMain] INFO  com.zaxxer.hikari.HikariDataSource - HikariPool-1 - Starting...
""2023-01-24 [restartedMain] INFO  com.zaxxer.hikari.HikariDataSource - HikariPool-1 - Start completed.
""2023-01-24 [restartedMain] INFO  org.hibernate.dialect.Dialect - HHH000400: Using dialect: org.hibernate.dialect.PostgreSQL10Dialect
""2023-01-24 [restartedMain] WARN  o.h.e.jdbc.spi.SqlExceptionHelper - SQL Warning Code: 0, SQLState: 00000
""2023-01-24 [restartedMain] WARN  o.h.e.jdbc.spi.SqlExceptionHelper - relation "bugs" does not exist, skipping
""2023-01-24 [restartedMain] WARN  o.h.e.jdbc.spi.SqlExceptionHelper - SQL Warning Code: 0, SQLState: 00000
""2023-01-24 [restartedMain] WARN  o.h.e.jdbc.spi.SqlExceptionHelper - relation "projects" does not exist, skipping
""2023-01-24 [restartedMain] WARN  o.h.e.jdbc.spi.SqlExceptionHelper - SQL Warning Code: 0, SQLState: 00000
""2023-01-24 [restartedMain] WARN  o.h.e.jdbc.spi.SqlExceptionHelper - table "admins" does not exist, skipping
""2023-01-24 [restartedMain] WARN  o.h.e.jdbc.spi.SqlExceptionHelper - SQL Warning Code: 0, SQLState: 00000
""2023-01-24 [restartedMain] WARN  o.h.e.jdbc.spi.SqlExceptionHelper - table "bugs" does not exist, skipping
""2023-01-24 [restartedMain] WARN  o.h.e.jdbc.spi.SqlExceptionHelper - SQL Warning Code: 0, SQLState: 00000
""2023-01-24 [restartedMain] WARN  o.h.e.jdbc.spi.SqlExceptionHelper - table "employees" does not exist, skipping
""2023-01-24 [restartedMain] WARN  o.h.e.jdbc.spi.SqlExceptionHelper - SQL Warning Code: 0, SQLState: 00000
""2023-01-24 [restartedMain] WARN  o.h.e.jdbc.spi.SqlExceptionHelper - table "projects" does not exist, skipping
""2023-01-24 [restartedMain] WARN  o.h.e.jdbc.spi.SqlExceptionHelper - SQL Warning Code: 0, SQLState: 00000
""2023-01-24 [restartedMain] WARN  o.h.e.jdbc.spi.SqlExceptionHelper - table "users" does not exist, skipping
""2023-01-24 [restartedMain] INFO  o.h.e.t.j.p.i.JtaPlatformInitiator - HHH000490: Using JtaPlatform implementation: [org.hibernate.engine.transaction.jta.platform.internal.NoJtaPlatform]
""2023-01-24 [restartedMain] INFO  o.s.o.j.LocalContainerEntityManagerFactoryBean - Initialized JPA EntityManagerFactory for persistence unit 'default'
""2023-01-24 [restartedMain] WARN  o.s.b.a.o.j.JpaBaseConfiguration$JpaWebConfiguration - spring.jpa.open-in-view is enabled by default. Therefore, database queries may be performed during view rendering. Explicitly configure spring.jpa.open-in-view to disable this warning
""2023-01-24 [restartedMain] INFO  o.s.b.d.a.OptionalLiveReloadServer - LiveReload server is running on port 35729
""2023-01-24 [restartedMain] INFO  o.s.b.w.e.tomcat.TomcatWebServer - Tomcat started on port(s): 8080 (http) with context path '/bugtracking'
""2023-01-24 [restartedMain] INFO  c.c.b.BugTrackingApplication - Started BugTrackingApplication in 9.606 seconds (JVM running for 10.575)
""2023-01-24 [restartedMain] INFO  c.c.b.BugTrackingApplication - Bug Tracking Application started...
""2023-01-24 [File Watcher] INFO  o.s.b.d.a.LocalDevToolsAutoConfiguration$RestartingClassPathChangeChangedEventListener - Restarting due to 1 class path change (0 additions, 0 deletions, 1 modification)
""2023-01-24 [Thread-4] INFO  o.a.catalina.core.StandardService - Stopping service [Tomcat]
""2023-01-24 [Thread-4] INFO  o.s.o.j.LocalContainerEntityManagerFactoryBean - Closing JPA EntityManagerFactory for persistence unit 'default'
""2023-01-24 [Thread-4] INFO  com.zaxxer.hikari.HikariDataSource - HikariPool-1 - Shutdown initiated...
""2023-01-24 [Thread-4] INFO  com.zaxxer.hikari.HikariDataSource - HikariPool-1 - Shutdown completed.
""2023-01-24 [restartedMain] INFO  c.c.b.BugTrackingApplication - Starting BugTrackingApplication using Java 17.0.5 on DESKTOP-ORNCG6R with PID 26440 (C:\Users\lokes\git\Bug-Tracking\BugTracking\target\classes started by Lokesh in C:\Users\lokes\git\Bug-Tracking\BugTracking)
""2023-01-24 [restartedMain] INFO  c.c.b.BugTrackingApplication - No active profile set, falling back to 1 default profile: "default"
""2023-01-24 [restartedMain] INFO  o.s.d.r.c.RepositoryConfigurationDelegate - Bootstrapping Spring Data JPA repositories in DEFAULT mode.
""2023-01-24 [restartedMain] INFO  o.s.d.r.c.RepositoryConfigurationDelegate - Finished Spring Data repository scanning in 51 ms. Found 5 JPA repository interfaces.
""2023-01-24 [restartedMain] INFO  o.s.b.w.e.tomcat.TomcatWebServer - Tomcat initialized with port(s): 8080 (http)
""2023-01-24 [restartedMain] INFO  o.a.catalina.core.StandardService - Starting service [Tomcat]
""2023-01-24 [restartedMain] INFO  o.a.catalina.core.StandardEngine - Starting Servlet engine: [Apache Tomcat/9.0.71]
""2023-01-24 [restartedMain] INFO  o.a.c.c.C.[.[.[/bugtracking] - Initializing Spring embedded WebApplicationContext
""2023-01-24 [restartedMain] INFO  o.s.b.w.s.c.ServletWebServerApplicationContext - Root WebApplicationContext: initialization completed in 1308 ms
""2023-01-24 [restartedMain] INFO  o.h.jpa.internal.util.LogHelper - HHH000204: Processing PersistenceUnitInfo [name: default]
""2023-01-24 [restartedMain] INFO  com.zaxxer.hikari.HikariDataSource - HikariPool-2 - Starting...
""2023-01-24 [restartedMain] INFO  com.zaxxer.hikari.HikariDataSource - HikariPool-2 - Start completed.
""2023-01-24 [restartedMain] INFO  org.hibernate.dialect.Dialect - HHH000400: Using dialect: org.hibernate.dialect.PostgreSQL10Dialect
""2023-01-24 [restartedMain] INFO  o.h.e.t.j.p.i.JtaPlatformInitiator - HHH000490: Using JtaPlatform implementation: [org.hibernate.engine.transaction.jta.platform.internal.NoJtaPlatform]
""2023-01-24 [restartedMain] INFO  o.s.o.j.LocalContainerEntityManagerFactoryBean - Initialized JPA EntityManagerFactory for persistence unit 'default'
""2023-01-24 [restartedMain] WARN  o.s.b.a.o.j.JpaBaseConfiguration$JpaWebConfiguration - spring.jpa.open-in-view is enabled by default. Therefore, database queries may be performed during view rendering. Explicitly configure spring.jpa.open-in-view to disable this warning
""2023-01-24 [restartedMain] INFO  o.s.b.d.a.OptionalLiveReloadServer - LiveReload server is running on port 35729
""2023-01-24 [restartedMain] INFO  o.s.b.w.e.tomcat.TomcatWebServer - Tomcat started on port(s): 8080 (http) with context path '/bugtracking'
""2023-01-24 [restartedMain] INFO  c.c.b.BugTrackingApplication - Started BugTrackingApplication in 3.134 seconds (JVM running for 979.122)
""2023-01-24 [restartedMain] INFO  o.s.b.d.a.ConditionEvaluationDeltaLoggingListener - Condition evaluation unchanged
""2023-01-24 [restartedMain] INFO  c.c.b.BugTrackingApplication - Bug Tracking Application started...
""2023-01-24 [File Watcher] INFO  o.s.b.d.a.LocalDevToolsAutoConfiguration$RestartingClassPathChangeChangedEventListener - Restarting due to 1 class path change (0 additions, 0 deletions, 1 modification)
""2023-01-24 [Thread-7] INFO  o.a.catalina.core.StandardService - Stopping service [Tomcat]
""2023-01-24 [Thread-7] INFO  o.s.o.j.LocalContainerEntityManagerFactoryBean - Closing JPA EntityManagerFactory for persistence unit 'default'
""2023-01-24 [Thread-7] INFO  com.zaxxer.hikari.HikariDataSource - HikariPool-2 - Shutdown initiated...
""2023-01-24 [Thread-7] INFO  com.zaxxer.hikari.HikariDataSource - HikariPool-2 - Shutdown completed.
""2023-01-24 [restartedMain] INFO  c.c.b.BugTrackingApplication - Starting BugTrackingApplication using Java 17.0.5 on DESKTOP-ORNCG6R with PID 26440 (C:\Users\lokes\git\Bug-Tracking\BugTracking\target\classes started by Lokesh in C:\Users\lokes\git\Bug-Tracking\BugTracking)
""2023-01-24 [restartedMain] INFO  c.c.b.BugTrackingApplication - No active profile set, falling back to 1 default profile: "default"
""2023-01-24 [restartedMain] INFO  o.s.d.r.c.RepositoryConfigurationDelegate - Bootstrapping Spring Data JPA repositories in DEFAULT mode.
""2023-01-24 [restartedMain] INFO  o.s.d.r.c.RepositoryConfigurationDelegate - Finished Spring Data repository scanning in 85 ms. Found 5 JPA repository interfaces.
""2023-01-24 [restartedMain] INFO  o.s.b.w.e.tomcat.TomcatWebServer - Tomcat initialized with port(s): 8080 (http)
""2023-01-24 [restartedMain] INFO  o.a.catalina.core.StandardService - Starting service [Tomcat]
""2023-01-24 [restartedMain] INFO  o.a.catalina.core.StandardEngine - Starting Servlet engine: [Apache Tomcat/9.0.71]
""2023-01-24 [restartedMain] INFO  o.a.c.c.C.[.[.[/bugtracking] - Initializing Spring embedded WebApplicationContext
""2023-01-24 [restartedMain] INFO  o.s.b.w.s.c.ServletWebServerApplicationContext - Root WebApplicationContext: initialization completed in 861 ms
""2023-01-24 [restartedMain] INFO  o.h.jpa.internal.util.LogHelper - HHH000204: Processing PersistenceUnitInfo [name: default]
""2023-01-24 [restartedMain] INFO  com.zaxxer.hikari.HikariDataSource - HikariPool-3 - Starting...
""2023-01-24 [restartedMain] INFO  com.zaxxer.hikari.HikariDataSource - HikariPool-3 - Start completed.
""2023-01-24 [restartedMain] INFO  org.hibernate.dialect.Dialect - HHH000400: Using dialect: org.hibernate.dialect.PostgreSQL10Dialect
""2023-01-24 [restartedMain] INFO  o.h.e.t.j.p.i.JtaPlatformInitiator - HHH000490: Using JtaPlatform implementation: [org.hibernate.engine.transaction.jta.platform.internal.NoJtaPlatform]
""2023-01-24 [restartedMain] INFO  o.s.o.j.LocalContainerEntityManagerFactoryBean - Initialized JPA EntityManagerFactory for persistence unit 'default'
""2023-01-24 [restartedMain] WARN  o.s.b.a.o.j.JpaBaseConfiguration$JpaWebConfiguration - spring.jpa.open-in-view is enabled by default. Therefore, database queries may be performed during view rendering. Explicitly configure spring.jpa.open-in-view to disable this warning
""2023-01-24 [restartedMain] INFO  o.s.b.d.a.OptionalLiveReloadServer - LiveReload server is running on port 35729
""2023-01-24 [restartedMain] INFO  o.s.b.w.e.tomcat.TomcatWebServer - Tomcat started on port(s): 8080 (http) with context path '/bugtracking'
""2023-01-24 [restartedMain] INFO  c.c.b.BugTrackingApplication - Started BugTrackingApplication in 2.444 seconds (JVM running for 996.011)
""2023-01-24 [restartedMain] INFO  o.s.b.d.a.ConditionEvaluationDeltaLoggingListener - Condition evaluation unchanged
""2023-01-24 [restartedMain] INFO  c.c.b.BugTrackingApplication - Bug Tracking Application started...
""2023-01-24 [restartedMain] INFO  c.c.b.BugTrackingApplication - Starting BugTrackingApplication using Java 17.0.5 on DESKTOP-ORNCG6R with PID 8184 (C:\Users\lokes\git\Bug-Tracking\BugTracking\target\classes started by Lokesh in C:\Users\lokes\git\Bug-Tracking\BugTracking)
""2023-01-24 [restartedMain] INFO  c.c.b.BugTrackingApplication - No active profile set, falling back to 1 default profile: "default"
""2023-01-24 [restartedMain] INFO  o.s.b.d.e.DevToolsPropertyDefaultsPostProcessor - Devtools property defaults active! Set 'spring.devtools.add-properties' to 'false' to disable
""2023-01-24 [restartedMain] INFO  o.s.b.d.e.DevToolsPropertyDefaultsPostProcessor - For additional web related logging consider setting the 'logging.level.web' property to 'DEBUG'
""2023-01-24 [restartedMain] INFO  o.s.d.r.c.RepositoryConfigurationDelegate - Bootstrapping Spring Data JPA repositories in DEFAULT mode.
""2023-01-24 [restartedMain] INFO  o.s.d.r.c.RepositoryConfigurationDelegate - Finished Spring Data repository scanning in 94 ms. Found 5 JPA repository interfaces.
""2023-01-24 [restartedMain] INFO  o.s.b.w.e.tomcat.TomcatWebServer - Tomcat initialized with port(s): 8080 (http)
""2023-01-24 [restartedMain] INFO  o.a.catalina.core.StandardService - Starting service [Tomcat]
""2023-01-24 [restartedMain] INFO  o.a.catalina.core.StandardEngine - Starting Servlet engine: [Apache Tomcat/9.0.71]
""2023-01-24 [restartedMain] INFO  o.a.c.c.C.[.[.[/bugtracking] - Initializing Spring embedded WebApplicationContext
""2023-01-24 [restartedMain] INFO  o.s.b.w.s.c.ServletWebServerApplicationContext - Root WebApplicationContext: initialization completed in 3141 ms
""2023-01-24 [restartedMain] INFO  o.h.jpa.internal.util.LogHelper - HHH000204: Processing PersistenceUnitInfo [name: default]
""2023-01-24 [restartedMain] INFO  org.hibernate.Version - HHH000412: Hibernate ORM core version 5.6.14.Final
""2023-01-24 [restartedMain] INFO  o.h.annotations.common.Version - HCANN000001: Hibernate Commons Annotations {5.1.2.Final}
""2023-01-24 [restartedMain] INFO  com.zaxxer.hikari.HikariDataSource - HikariPool-1 - Starting...
""2023-01-24 [restartedMain] INFO  com.zaxxer.hikari.HikariDataSource - HikariPool-1 - Start completed.
""2023-01-24 [restartedMain] INFO  org.hibernate.dialect.Dialect - HHH000400: Using dialect: org.hibernate.dialect.PostgreSQL10Dialect
""2023-01-24 [restartedMain] INFO  o.h.e.t.j.p.i.JtaPlatformInitiator - HHH000490: Using JtaPlatform implementation: [org.hibernate.engine.transaction.jta.platform.internal.NoJtaPlatform]
""2023-01-24 [restartedMain] INFO  o.s.o.j.LocalContainerEntityManagerFactoryBean - Initialized JPA EntityManagerFactory for persistence unit 'default'
""2023-01-24 [restartedMain] WARN  o.s.b.a.o.j.JpaBaseConfiguration$JpaWebConfiguration - spring.jpa.open-in-view is enabled by default. Therefore, database queries may be performed during view rendering. Explicitly configure spring.jpa.open-in-view to disable this warning
""2023-01-24 [restartedMain] WARN  o.s.b.d.a.OptionalLiveReloadServer - Unable to start LiveReload server
""2023-01-24 [restartedMain] WARN  o.s.b.w.s.c.AnnotationConfigServletWebServerApplicationContext - Exception encountered during context initialization - cancelling refresh attempt: org.springframework.context.ApplicationContextException: Failed to start bean 'webServerStartStop'; nested exception is org.springframework.boot.web.server.PortInUseException: Port 8080 is already in use
""2023-01-24 [restartedMain] INFO  o.s.o.j.LocalContainerEntityManagerFactoryBean - Closing JPA EntityManagerFactory for persistence unit 'default'
""2023-01-24 [restartedMain] INFO  com.zaxxer.hikari.HikariDataSource - HikariPool-1 - Shutdown initiated...
""2023-01-24 [restartedMain] INFO  com.zaxxer.hikari.HikariDataSource - HikariPool-1 - Shutdown completed.
""2023-01-24 [restartedMain] INFO  o.a.catalina.core.StandardService - Stopping service [Tomcat]
""2023-01-24 [restartedMain] INFO  o.s.b.a.l.ConditionEvaluationReportLoggingListener - 

Error starting ApplicationContext. To display the conditions report re-run your application with 'debug' enabled.
""2023-01-24 [restartedMain] ERROR o.s.b.d.LoggingFailureAnalysisReporter - 

***************************
APPLICATION FAILED TO START
***************************

Description:

Web server failed to start. Port 8080 was already in use.

Action:

Identify and stop the process that's listening on port 8080 or configure this application to listen on another port.

""2023-01-24 [File Watcher] INFO  o.s.b.d.a.LocalDevToolsAutoConfiguration$RestartingClassPathChangeChangedEventListener - Restarting due to 1 class path change (0 additions, 0 deletions, 1 modification)
""2023-01-24 [Thread-11] INFO  o.a.catalina.core.StandardService - Stopping service [Tomcat]
""2023-01-24 [Thread-11] INFO  o.s.o.j.LocalContainerEntityManagerFactoryBean - Closing JPA EntityManagerFactory for persistence unit 'default'
""2023-01-24 [Thread-11] INFO  com.zaxxer.hikari.HikariDataSource - HikariPool-3 - Shutdown initiated...
""2023-01-24 [Thread-11] INFO  com.zaxxer.hikari.HikariDataSource - HikariPool-3 - Shutdown completed.
""2023-01-24 [restartedMain] INFO  c.c.b.BugTrackingApplication - Starting BugTrackingApplication using Java 17.0.5 on DESKTOP-ORNCG6R with PID 26440 (C:\Users\lokes\git\Bug-Tracking\BugTracking\target\classes started by Lokesh in C:\Users\lokes\git\Bug-Tracking\BugTracking)
""2023-01-24 [restartedMain] INFO  c.c.b.BugTrackingApplication - No active profile set, falling back to 1 default profile: "default"
""2023-01-24 [restartedMain] INFO  o.s.d.r.c.RepositoryConfigurationDelegate - Bootstrapping Spring Data JPA repositories in DEFAULT mode.
""2023-01-24 [restartedMain] INFO  o.s.d.r.c.RepositoryConfigurationDelegate - Finished Spring Data repository scanning in 35 ms. Found 5 JPA repository interfaces.
""2023-01-24 [restartedMain] INFO  o.s.b.w.e.tomcat.TomcatWebServer - Tomcat initialized with port(s): 8080 (http)
""2023-01-24 [restartedMain] INFO  o.a.catalina.core.StandardService - Starting service [Tomcat]
""2023-01-24 [restartedMain] INFO  o.a.catalina.core.StandardEngine - Starting Servlet engine: [Apache Tomcat/9.0.71]
""2023-01-24 [restartedMain] INFO  o.a.c.c.C.[.[.[/bugtracking] - Initializing Spring embedded WebApplicationContext
""2023-01-24 [restartedMain] INFO  o.s.b.w.s.c.ServletWebServerApplicationContext - Root WebApplicationContext: initialization completed in 692 ms
""2023-01-24 [restartedMain] INFO  o.h.jpa.internal.util.LogHelper - HHH000204: Processing PersistenceUnitInfo [name: default]
""2023-01-24 [restartedMain] INFO  com.zaxxer.hikari.HikariDataSource - HikariPool-4 - Starting...
""2023-01-24 [restartedMain] INFO  com.zaxxer.hikari.HikariDataSource - HikariPool-4 - Start completed.
""2023-01-24 [restartedMain] INFO  org.hibernate.dialect.Dialect - HHH000400: Using dialect: org.hibernate.dialect.PostgreSQL10Dialect
""2023-01-24 [restartedMain] INFO  o.h.e.t.j.p.i.JtaPlatformInitiator - HHH000490: Using JtaPlatform implementation: [org.hibernate.engine.transaction.jta.platform.internal.NoJtaPlatform]
""2023-01-24 [restartedMain] INFO  o.s.o.j.LocalContainerEntityManagerFactoryBean - Initialized JPA EntityManagerFactory for persistence unit 'default'
""2023-01-24 [restartedMain] WARN  o.s.b.a.o.j.JpaBaseConfiguration$JpaWebConfiguration - spring.jpa.open-in-view is enabled by default. Therefore, database queries may be performed during view rendering. Explicitly configure spring.jpa.open-in-view to disable this warning
""2023-01-24 [restartedMain] INFO  o.s.b.d.a.OptionalLiveReloadServer - LiveReload server is running on port 35729
""2023-01-24 [restartedMain] INFO  o.s.b.w.e.tomcat.TomcatWebServer - Tomcat started on port(s): 8080 (http) with context path '/bugtracking'
""2023-01-24 [restartedMain] INFO  c.c.b.BugTrackingApplication - Started BugTrackingApplication in 2.233 seconds (JVM running for 1065.218)
""2023-01-24 [restartedMain] INFO  o.s.b.d.a.ConditionEvaluationDeltaLoggingListener - Condition evaluation unchanged
""2023-01-24 [restartedMain] INFO  c.c.b.BugTrackingApplication - Bug Tracking Application started...
"